<?xml version="1.0" encoding="UTF-8"?>
<!-- Generated by org.testng.reporters.JUnitXMLReporter -->
<testsuite ignored="0" hostname="DESKTOP-J6DA9UM" failures="0" tests="3" name="Default test" time="19.163" errors="0" timestamp="2025-07-14T11:57:37 GMT+03:00">
  <testcase classname="testing_for_Automationteststore.login" name="SignUp" time="11.116"/>
  <testcase classname="testing_for_Automationteststore.login" name="logout" time="2.917"/>
  <testcase classname="testing_for_Automationteststore.login" name="Login" time="1.334"/>
</testsuite> <!-- Default test -->
