<?xml version="1.0" encoding="UTF-8"?>
<!-- Generated by org.testng.reporters.JUnitXMLReporter -->
<testsuite ignored="1" hostname="DESKTOP-J6DA9UM" failures="0" tests="3" name="Default test" time="25.891" errors="0" timestamp="2025-07-20T13:08:33 GMT+03:00">
  <testcase classname="testing_for_Automationteststore.login" name="SignUp" time="17.172"/>
  <testcase classname="testing_for_Automationteststore.login" name="logoff" time="3.206"/>
  <testcase classname="testing_for_Automationteststore.login" name="Login" time="2.485"/>
  <testcase classname="testing_for_Automationteststore.login" name="addItemToTheCart" time="0.0">
    <ignored/>
  </testcase> <!-- addItemToTheCart -->
</testsuite> <!-- Default test -->
